<?xml version="1.0" encoding="UTF-8"?>
<!-- Generated by org.testng.reporters.JUnitReportReporter -->
<testsuite hostname="yeshs-Mac-mini.local" failures="0" tests="1" name="projectpagetesting.TestingOfProjectsPage" time="20.230" errors="0" timestamp="2024-07-23T14:32:30 IST" skipped="0">
  <testcase classname="projectpagetesting.TestingOfProjectsPage" name="dailyActivitypageTesting" time="20.230"/>
</testsuite> <!-- projectpagetesting.TestingOfProjectsPage -->
