<?xml version="1.0" encoding="UTF-8"?>
<!-- Generated by org.testng.reporters.JUnitReportReporter -->
<testsuite hostname="yeshs-Mac-mini.local" failures="0" tests="2" name="teampagetesting.TestingOfTeamPage" time="35.457" errors="0" timestamp="2024-07-22T17:22:43 IST" skipped="0">
  <testcase classname="teampagetesting.TestingOfTeamPage" name="seeAllMembers" time="18.772"/>
  <testcase classname="teampagetesting.TestingOfTeamPage" name="seeMyteam" time="16.685"/>
</testsuite> <!-- teampagetesting.TestingOfTeamPage -->
