<?xml version="1.0" encoding="UTF-8"?>
<!-- Generated by org.testng.reporters.JUnitReportReporter -->
<testsuite hostname="yeshs-Mac-mini.local" failures="0" tests="1" name="attendencepagetesting.TestingOfAttendancePage" time="20.186" errors="0" timestamp="2024-07-23T13:05:20 IST" skipped="0">
  <testcase classname="attendencepagetesting.TestingOfAttendancePage" name="checkAttendance" time="20.186"/>
</testsuite> <!-- attendencepagetesting.TestingOfAttendancePage -->
