<?xml version="1.0" encoding="UTF-8"?>
<!-- Generated by org.testng.reporters.JUnitReportReporter -->
<testsuite hostname="yeshs-Mac-mini.local" failures="0" tests="1" name="eventspagetesting.TestingOfEventsPage" time="17.210" errors="0" timestamp="2024-07-23T15:57:34 IST" skipped="0">
  <testcase classname="eventspagetesting.TestingOfEventsPage" name="seeAllProjects" time="17.210"/>
</testsuite> <!-- eventspagetesting.TestingOfEventsPage -->
