<?xml version="1.0" encoding="UTF-8"?>
<!-- Generated by org.testng.reporters.JUnitReportReporter -->
<testsuite hostname="yeshs-Mac-mini.local" failures="0" tests="2" name="Loginpagetesting.TestinfOfLoginPage" time="23.061" errors="0" timestamp="2024-07-23T11:01:00 IST" skipped="0">
  <testcase classname="Loginpagetesting.TestinfOfLoginPage" name="loginWithRightCredentials" time="12.219"/>
  <testcase classname="Loginpagetesting.TestinfOfLoginPage" name="loginWithWrongCredentials" time="10.842"/>
</testsuite> <!-- Loginpagetesting.TestinfOfLoginPage -->
