<?xml version="1.0" encoding="UTF-8"?>
<!-- Generated by org.testng.reporters.JUnitReportReporter -->
<testsuite hostname="yeshs-Mac-mini.local" failures="0" tests="1" name="logoutpagetesting.TestingOfLogoutPage" time="18.212" errors="0" timestamp="2024-07-23T11:02:40 IST" skipped="0">
  <testcase classname="logoutpagetesting.TestingOfLogoutPage" name="logoutpagetesting" time="18.212"/>
</testsuite> <!-- logoutpagetesting.TestingOfLogoutPage -->
