<?xml version="1.0" encoding="UTF-8"?>
<!-- Generated by org.testng.reporters.JUnitReportReporter -->
<testsuite hostname="yeshs-Mac-mini.local" failures="0" tests="1" name="activitypagetesting.TestingOfActivityPage" time="23.292" errors="0" timestamp="2024-07-23T16:07:59 IST" skipped="0">
  <testcase classname="activitypagetesting.TestingOfActivityPage" name="seeAllProjects" time="23.292"/>
</testsuite> <!-- activitypagetesting.TestingOfActivityPage -->
